<?xml version="1.0" encoding="UTF-8"?>
<testng-results ignored="0" total="2" passed="2" failed="0" skipped="0">
  <reporter-output>
  </reporter-output>
  <suite started-at="2021-12-08T06:29:48Z" name="Default suite" finished-at="2021-12-08T06:30:10Z" duration-ms="21135">
    <groups>
    </groups>
    <test started-at="2021-12-08T06:29:48Z" name="Default test" finished-at="2021-12-08T06:30:10Z" duration-ms="21135">
      <class name="com.Automation.Test.LoginTest">
        <test-method is-config="true" signature="setUp()[pri:0, instance:com.Automation.Test.LoginTest@427b5f92]" started-at="2021-12-08T06:29:48Z" name="setUp" finished-at="2021-12-08T06:29:56Z" duration-ms="7341" status="PASS">
          <reporter-output>
          </reporter-output>
        </test-method> <!-- setUp -->
        <test-method signature="verifyLogin()[pri:0, instance:com.Automation.Test.LoginTest@427b5f92]" started-at="2021-12-08T06:29:56Z" name="verifyLogin" finished-at="2021-12-08T06:30:02Z" duration-ms="6444" status="PASS">
          <reporter-output>
          </reporter-output>
        </test-method> <!-- verifyLogin -->
        <test-method signature="VerifyAddUser()[pri:1, instance:com.Automation.Test.LoginTest@427b5f92]" started-at="2021-12-08T06:30:02Z" name="VerifyAddUser" finished-at="2021-12-08T06:30:10Z" duration-ms="7328" status="PASS">
          <reporter-output>
          </reporter-output>
        </test-method> <!-- VerifyAddUser -->
      </class> <!-- com.Automation.Test.LoginTest -->
    </test> <!-- Default test -->
  </suite> <!-- Default suite -->
</testng-results>
